-- locate
select locate('1','a11111111111111',2);
 locate 
--------
      2
(1 row)

select locate('1','a11111111111111',0);
 locate 
--------
      0
(1 row)

select locate('1','a11111111111111',1);
 locate 
--------
      2
(1 row)

select locate('1','11111111111111',1);
 locate 
--------
      1
(1 row)

select locate('1','a11111111111111',-1);
 locate 
--------
      0
(1 row)

SELECT locate('bar', 'foobarbar', 5);
 locate 
--------
      7
(1 row)

SELECT locate('xbar', 'foobarbar', 5);
 locate 
--------
      0
(1 row)

SELECT locate('bar', 'foobarbar');
 locate 
--------
      4
(1 row)

SELECT locate('xbar', 'foobar');
 locate 
--------
      0
(1 row)

select locate('1','a11111111111111');
 locate 
--------
      2
(1 row)

-- datebase
select database();
 database 
----------
 public
(1 row)

-- test diff
SELECT DATEDIFF('2007-12-31 23:59:59','2007-12-30');
 datediff 
----------
        1
(1 row)

SELECT DATEDIFF('2010-11-30 23:59:59','2010-12-31');
 datediff 
----------
      -31
(1 row)

SELECT DATEDIFF('2007-12-31 23:59:59'::timestamp,'2007-12-30 23:59:59'::timestamp);
 datediff 
----------
        1
(1 row)

SELECT DATEDIFF('2010-11-30'::date,'2010-12-31'::date);
 datediff 
----------
      -31
(1 row)

SELECT DATEDIFF('2010-11-30','2010-12-31');
 datediff 
----------
      -31
(1 row)

SELECT DATEDIFF('2010-11-30'::varchar,'2010-12-31'::varchar);
 datediff 
----------
      -31
(1 row)

SELECT DATEDIFF(20071231,20071230);
 datediff 
----------
        1
(1 row)

SELECT DATEDIFF(20101130,20101231);
 datediff 
----------
      -31
(1 row)

-- longtext
create table test_long_text(txt longtext);
insert into test_long_text values('aaaa');
\d test_long_text
           Table "public.test_long_text"
 Column |   Type   | Collation | Nullable | Default 
--------+----------+-----------+----------+---------
 txt    | longtext |           |          | 

select 5::longtext;
 longtext 
----------
 5
(1 row)

select 5::longtext || 7::longtext;
 ?column? 
----------
 57
(1 row)

drop table test_long_text;
